<?xml version="1.0" encoding="UTF-8"?>
<!-- Generated by org.testng.reporters.JUnitReportReporter -->
<testsuite hostname="Darsh-PC" failures="0" tests="3" name="Assignment.Assignment1" time="0.018" errors="0" timestamp="2022-02-07T15:41:13 EST" skipped="0">
  <testcase classname="Assignment.Assignment1" name="testFour" time="0.013"/>
  <system-out/>
  <testcase classname="Assignment.Assignment1" name="testThree" time="0.002"/>
  <system-out/>
  <testcase classname="Assignment.Assignment1" name="testOne" time="0.003"/>
  <system-out/>
</testsuite> <!-- Assignment.Assignment1 -->
